<?xml version="1.0" encoding="UTF-8"?>
<!-- Generated by org.testng.reporters.JUnitReportReporter -->
<testsuite hostname="LAPTOP-57SNEDNO" name="CreateReview_Testcase.TC23_CheckEditAndDisableEmailNotification" tests="1" failures="0" timestamp="22 Apr 2022 06:40:52 GMT" time="88.379" errors="0">
  <testcase name="emialNotificationDisable" time="88.379" classname="CreateReview_Testcase.TC23_CheckEditAndDisableEmailNotification"/>
</testsuite> <!-- CreateReview_Testcase.TC23_CheckEditAndDisableEmailNotification -->
