<?xml version="1.0" encoding="UTF-8"?>
<!-- Generated by org.testng.reporters.JUnitReportReporter -->
<testsuite hostname="LAPTOP-57SNEDNO" name="CreateReview_Testcase.Fill_TC09_10_CheckRevCreatedSetApprSatrtDateAfterRevEndDate" tests="1" failures="0" timestamp="18 Apr 2022 10:43:34 GMT" time="23.676" errors="0">
  <testcase name="setApprStartDateAfterRevEndDate" time="23.676" classname="CreateReview_Testcase.Fill_TC09_10_CheckRevCreatedSetApprSatrtDateAfterRevEndDate"/>
</testsuite> <!-- CreateReview_Testcase.Fill_TC09_10_CheckRevCreatedSetApprSatrtDateAfterRevEndDate -->
