<?xml version="1.0" encoding="UTF-8"?>
<!-- Generated by org.testng.reporters.JUnitReportReporter -->
<testsuite hostname="LAPTOP-57SNEDNO" name="CreateReview_Testcase.Fill_TC02__CheckWithoutUserNameAndVerifyErrMsg" tests="1" failures="0" timestamp="18 Apr 2022 07:32:24 GMT" time="31.429" errors="0">
  <testcase name="SaveRevWithoutUnameAndVerifyUserName" time="31.429" classname="CreateReview_Testcase.Fill_TC02__CheckWithoutUserNameAndVerifyErrMsg"/>
</testsuite> <!-- CreateReview_Testcase.Fill_TC02__CheckWithoutUserNameAndVerifyErrMsg -->
