<?xml version="1.0" encoding="UTF-8"?>
<!-- Generated by org.testng.reporters.JUnitReportReporter -->
<testsuite hostname="LAPTOP-57SNEDNO" name="CreateReview_Testcase.NotYetStartedTest" tests="1" failures="0" timestamp="15 Apr 2022 05:23:25 GMT" time="32.278" errors="0">
  <testcase name="NotYetStartRev" time="32.278" classname="CreateReview_Testcase.NotYetStartedTest"/>
</testsuite> <!-- CreateReview_Testcase.NotYetStartedTest -->
