<?xml version="1.0" encoding="UTF-8"?>
<!-- Generated by org.testng.reporters.JUnitReportReporter -->
<testsuite hostname="LAPTOP-57SNEDNO" name="CreateReview_Testcase.NotYetStarted" tests="1" failures="0" timestamp="15 Apr 2022 05:21:09 GMT" time="32.285" errors="0">
  <testcase name="NotYetStartRev" time="32.285" classname="CreateReview_Testcase.NotYetStarted"/>
</testsuite> <!-- CreateReview_Testcase.NotYetStarted -->
