<?xml version="1.0" encoding="UTF-8"?>
<!-- Generated by org.testng.reporters.JUnitReportReporter -->
<testsuite hostname="LAPTOP-57SNEDNO" name="CreateReview_Testcase.TC13_CheckArchievedRevActiveEditAndExtendSave" tests="1" failures="0" timestamp="15 Apr 2022 09:36:08 GMT" time="136.581" errors="0">
  <testcase name="UpdateRevArchievedDateActEditave" time="136.581" classname="CreateReview_Testcase.TC13_CheckArchievedRevActiveEditAndExtendSave"/>
</testsuite> <!-- CreateReview_Testcase.TC13_CheckArchievedRevActiveEditAndExtendSave -->
