<?xml version="1.0" encoding="UTF-8"?>
<!-- Generated by org.testng.reporters.JUnitReportReporter -->
<testsuite hostname="LAPTOP-57SNEDNO" name="CreateReview_Testcase.TC16_CheckUpdateRevIncompleteToEditRevStrtDate" tests="1" failures="0" timestamp="15 Apr 2022 04:52:53 GMT" time="69.030" errors="0">
  <testcase name="CreateAReview" time="69.030" classname="CreateReview_Testcase.TC16_CheckUpdateRevIncompleteToEditRevStrtDate"/>
</testsuite> <!-- CreateReview_Testcase.TC16_CheckUpdateRevIncompleteToEditRevStrtDate -->
