<?xml version="1.0" encoding="UTF-8"?>
<!-- Generated by org.testng.reporters.JUnitReportReporter -->
<testsuite hostname="LAPTOP-57SNEDNO" name="CreateReview_Testcase.TC04_CheckRevEndDateBeyondApprEndDate" tests="1" failures="0" timestamp="22 Apr 2022 06:40:52 GMT" time="94.633" errors="0">
  <testcase name="RevEndDateBeyondApprEndDate" time="94.633" classname="CreateReview_Testcase.TC04_CheckRevEndDateBeyondApprEndDate"/>
</testsuite> <!-- CreateReview_Testcase.TC04_CheckRevEndDateBeyondApprEndDate -->
