<?xml version="1.0" encoding="UTF-8"?>
<!-- Generated by org.testng.reporters.JUnitReportReporter -->
<testsuite hostname="LAPTOP-57SNEDNO" name="CreateReview_Testcase.test" tests="1" failures="0" timestamp="17 Apr 2022 09:35:21 GMT" time="0.005" errors="0">
  <testcase name="launch" time="0.005" classname="CreateReview_Testcase.test"/>
</testsuite> <!-- CreateReview_Testcase.test -->
