<?xml version="1.0" encoding="UTF-8"?>
<!-- Generated by org.testng.reporters.JUnitReportReporter -->
<testsuite hostname="LAPTOP-57SNEDNO" name="CreateReview_Testcase.TC21_22_CheckUpdateInviteRevAndApprOptionRemoved" tests="1" failures="0" timestamp="22 Apr 2022 06:40:52 GMT" time="97.598" errors="0">
  <testcase name="ChangeDetails" time="97.598" classname="CreateReview_Testcase.TC21_22_CheckUpdateInviteRevAndApprOptionRemoved"/>
</testsuite> <!-- CreateReview_Testcase.TC21_22_CheckUpdateInviteRevAndApprOptionRemoved -->
