<?xml version="1.0" encoding="UTF-8"?>
<!-- Generated by org.testng.reporters.JUnitReportReporter -->
<testsuite hostname="LAPTOP-57SNEDNO" name="CreateReview_Testcase.TC26_CheckRemoveContributorAppr_RevrFromReview" tests="1" failures="0" timestamp="20 Apr 2022 06:22:39 GMT" time="274.080" errors="0">
  <testcase name="ConDelToReviewerAndVerify" time="274.080" classname="CreateReview_Testcase.TC26_CheckRemoveContributorAppr_RevrFromReview"/>
</testsuite> <!-- CreateReview_Testcase.TC26_CheckRemoveContributorAppr_RevrFromReview -->
