<?xml version="1.0" encoding="UTF-8"?>
<!-- Generated by org.testng.reporters.JUnitReportReporter -->
<testsuite hostname="LAPTOP-57SNEDNO" name="CreateReview_Testcase.TC13_14_15_CheckArchievedRevActiveEditAndExtendSave" tests="1" failures="0" timestamp="22 Apr 2022 06:40:52 GMT" time="139.726" errors="0">
  <testcase name="UpdateRevArchievedDateActEditave" time="139.726" classname="CreateReview_Testcase.TC13_14_15_CheckArchievedRevActiveEditAndExtendSave"/>
</testsuite> <!-- CreateReview_Testcase.TC13_14_15_CheckArchievedRevActiveEditAndExtendSave -->
