<?xml version="1.0" encoding="UTF-8"?>
<!-- Generated by org.testng.reporters.JUnitReportReporter -->
<testsuite hostname="LAPTOP-57SNEDNO" name="CreateReview_Testcase.TC02_CheckRevActiveAndVerifyStartDateIsGrayed" tests="1" failures="0" timestamp="22 Apr 2022 06:40:52 GMT" time="91.436" errors="0">
  <testcase name="revActive" time="91.436" classname="CreateReview_Testcase.TC02_CheckRevActiveAndVerifyStartDateIsGrayed"/>
</testsuite> <!-- CreateReview_Testcase.TC02_CheckRevActiveAndVerifyStartDateIsGrayed -->
