<?xml version="1.0" encoding="UTF-8"?>
<!-- Generated by org.testng.reporters.JUnitReportReporter -->
<testsuite hostname="LAPTOP-57SNEDNO" name="CreateReview_Testcase.Fill_TC01__CheckSaveUserNameAndVerify" tests="1" failures="0" timestamp="18 Apr 2022 05:34:16 GMT" time="80.653" errors="0">
  <testcase name="SaveRevAndVerifyUserName" time="80.653" classname="CreateReview_Testcase.Fill_TC01__CheckSaveUserNameAndVerify"/>
</testsuite> <!-- CreateReview_Testcase.Fill_TC01__CheckSaveUserNameAndVerify -->
