<?xml version="1.0" encoding="UTF-8"?>
<!-- Generated by org.testng.reporters.JUnitReportReporter -->
<testsuite hostname="LAPTOP-57SNEDNO" name="CreateReview_Testcase.Fill_TC11_12_13_CheckRevCreatedSetSameApprSatrtEndDateButAfterRevEndDate" tests="1" failures="0" timestamp="19 Apr 2022 04:28:53 GMT" time="65.712" errors="0">
  <testcase name="SaveWithoutApprStartDate_verifyErrMsg" time="65.712" classname="CreateReview_Testcase.Fill_TC11_12_13_CheckRevCreatedSetSameApprSatrtEndDateButAfterRevEndDate"/>
</testsuite> <!-- CreateReview_Testcase.Fill_TC11_12_13_CheckRevCreatedSetSameApprSatrtEndDateButAfterRevEndDate -->
