<?xml version="1.0" encoding="UTF-8"?>
<!-- Generated by org.testng.reporters.JUnitReportReporter -->
<testsuite hostname="LAPTOP-57SNEDNO" name="TestTemporary" tests="1" failures="0" timestamp="8 Apr 2022 11:36:35 GMT" time="14.667" errors="0">
  <testcase name="Review" time="14.667" classname="TestTemporary"/>
</testsuite> <!-- TestTemporary -->
