<?xml version="1.0" encoding="UTF-8"?>
<!-- Generated by org.testng.reporters.JUnitReportReporter -->
<testsuite hostname="LAPTOP-57SNEDNO" name="CreateReview_Testcase.Fill_TC11_12_13_15_16_CheckRevCreatedSetSameApprSatrtEndDateButAfterRevEndDate" tests="1" failures="0" timestamp="19 Apr 2022 05:19:48 GMT" time="94.429" errors="0">
  <testcase name="SaveWithoutApprStartDate_verifyErrMsg" time="94.429" classname="CreateReview_Testcase.Fill_TC11_12_13_15_16_CheckRevCreatedSetSameApprSatrtEndDateButAfterRevEndDate"/>
</testsuite> <!-- CreateReview_Testcase.Fill_TC11_12_13_15_16_CheckRevCreatedSetSameApprSatrtEndDateButAfterRevEndDate -->
