<?xml version="1.0" encoding="UTF-8"?>
<!-- Generated by org.testng.reporters.JUnitReportReporter -->
<testsuite hostname="LAPTOP-57SNEDNO" name="CreateReview_Testcase.TC02_RevActiveAndVerifyStartDateIsGrayed" tests="1" failures="0" timestamp="12 Apr 2022 06:56:33 GMT" time="69.822" errors="0">
  <testcase name="revActive" time="69.822" classname="CreateReview_Testcase.TC02_RevActiveAndVerifyStartDateIsGrayed"/>
</testsuite> <!-- CreateReview_Testcase.TC02_RevActiveAndVerifyStartDateIsGrayed -->
