<?xml version="1.0" encoding="UTF-8"?>
<!-- Generated by org.testng.reporters.JUnitReportReporter -->
<testsuite hostname="LAPTOP-57SNEDNO" name="CreateReview_Testcase.AddingContributurs_TC01_02_03_04_05_06_07_08" tests="1" failures="0" timestamp="21 Apr 2022 06:40:45 GMT" time="278.314" errors="0">
  <testcase name="AddContributorReview" time="278.314" classname="CreateReview_Testcase.AddingContributurs_TC01_02_03_04_05_06_07_08"/>
</testsuite> <!-- CreateReview_Testcase.AddingContributurs_TC01_02_03_04_05_06_07_08 -->
