<?xml version="1.0" encoding="UTF-8"?>
<!-- Generated by org.testng.reporters.JUnitReportReporter -->
<testsuite hostname="LAPTOP-57SNEDNO" name="CreateReview_Testcase.TC01_EditRev" tests="1" failures="0" timestamp="11 Apr 2022 05:16:03 GMT" time="36.851" errors="0">
  <testcase name="ChangeDetails" time="36.851" classname="CreateReview_Testcase.TC01_EditRev"/>
</testsuite> <!-- CreateReview_Testcase.TC01_EditRev -->
