<?xml version="1.0" encoding="UTF-8"?>
<!-- Generated by org.testng.reporters.JUnitReportReporter -->
<testsuite hostname="LAPTOP-57SNEDNO" name="CreateReview_Testcase.TC07_CheckUpdateWneRevStrtDateClosed" tests="1" failures="0" timestamp="14 Apr 2022 11:06:00 GMT" time="94.544" errors="0">
  <testcase name="UpdateRevDateOnClosed" time="94.544" classname="CreateReview_Testcase.TC07_CheckUpdateWneRevStrtDateClosed"/>
</testsuite> <!-- CreateReview_Testcase.TC07_CheckUpdateWneRevStrtDateClosed -->
