<?xml version="1.0" encoding="UTF-8"?>
<!-- Generated by org.testng.reporters.JUnitReportReporter -->
<testsuite hostname="LAPTOP-57SNEDNO" name="CreateReview_Testcase.IncompleteRevTest" tests="1" failures="0" timestamp="16 Apr 2022 15:52:25 GMT" time="35.137" errors="0">
  <testcase name="IncompleteReview" time="35.137" classname="CreateReview_Testcase.IncompleteRevTest"/>
</testsuite> <!-- CreateReview_Testcase.IncompleteRevTest -->
