<?xml version="1.0" encoding="UTF-8"?>
<!-- Generated by org.testng.reporters.JUnitReportReporter -->
<testsuite hostname="LAPTOP-57SNEDNO" name="CreateReview_Testcase.TC11_CheckOnHoldRevActiveEditAndSave" tests="1" failures="0" timestamp="22 Apr 2022 06:40:52 GMT" time="114.420" errors="0">
  <testcase name="UpdateOnHoldToActiveSave" time="114.420" classname="CreateReview_Testcase.TC11_CheckOnHoldRevActiveEditAndSave"/>
</testsuite> <!-- CreateReview_Testcase.TC11_CheckOnHoldRevActiveEditAndSave -->
