<?xml version="1.0" encoding="UTF-8"?>
<!-- Generated by org.testng.reporters.JUnitReportReporter -->
<testsuite hostname="LAPTOP-57SNEDNO" name="CreateReview_Testcase.AddingContributurs_TC" tests="1" failures="0" timestamp="20 Apr 2022 11:50:37 GMT" time="83.748" errors="0">
  <testcase name="AddContributorReview" time="83.748" classname="CreateReview_Testcase.AddingContributurs_TC"/>
</testsuite> <!-- CreateReview_Testcase.AddingContributurs_TC -->
