<?xml version="1.0" encoding="UTF-8"?>
<!-- Generated by org.testng.reporters.JUnitReportReporter -->
<testsuite hostname="LAPTOP-57SNEDNO" name="CreateReview_Testcase.SampleTest" tests="1" failures="0" timestamp="21 Apr 2022 05:38:20 GMT" time="79.739" errors="0">
  <testcase name="AddContributorReview" time="79.739" classname="CreateReview_Testcase.SampleTest"/>
</testsuite> <!-- CreateReview_Testcase.SampleTest -->
