<?xml version="1.0" encoding="UTF-8"?>
<!-- Generated by org.testng.reporters.JUnitReportReporter -->
<testsuite hostname="LAPTOP-57SNEDNO" name="CreateReview_Testcase.TC03_CreateTheReviewWithSeparateApprovalProcess" tests="1" failures="0" timestamp="12 Apr 2022 06:56:33 GMT" time="52.252" errors="0">
  <testcase name="RevWithSepApprovprocess" time="52.252" classname="CreateReview_Testcase.TC03_CreateTheReviewWithSeparateApprovalProcess"/>
</testsuite> <!-- CreateReview_Testcase.TC03_CreateTheReviewWithSeparateApprovalProcess -->
