<?xml version="1.0" encoding="UTF-8"?>
<!-- Generated by org.testng.reporters.JUnitReportReporter -->
<testsuite hostname="LAPTOP-57SNEDNO" name="CreateReview_Testcase.TC06_CheckApprEndDateBeforeApprStartDate" tests="1" failures="0" timestamp="22 Apr 2022 06:40:52 GMT" time="90.694" errors="0">
  <testcase name="ApprEndDateBfrApprStrtDate" time="90.694" classname="CreateReview_Testcase.TC06_CheckApprEndDateBeforeApprStartDate"/>
</testsuite> <!-- CreateReview_Testcase.TC06_CheckApprEndDateBeforeApprStartDate -->
