<?xml version="1.0" encoding="UTF-8"?>
<!-- Generated by org.testng.reporters.JUnitReportReporter -->
<testsuite hostname="LAPTOP-57SNEDNO" name="CreateReview_Testcase.TC12_CheckClosedRevActiveEditAndSave" tests="1" failures="0" timestamp="13 Apr 2022 12:17:43 GMT" time="60.130" errors="0">
  <testcase name="UpdateRevDateOnClosed" time="60.130" classname="CreateReview_Testcase.TC12_CheckClosedRevActiveEditAndSave"/>
</testsuite> <!-- CreateReview_Testcase.TC12_CheckClosedRevActiveEditAndSave -->
