<?xml version="1.0" encoding="UTF-8"?>
<!-- Generated by org.testng.reporters.JUnitReportReporter -->
<testsuite hostname="LAPTOP-57SNEDNO" name="CreateReview_Testcase.Fill_TC02_03_04_05_CheckWithoutUserNameAndVerifyErrMsg" tests="1" failures="0" timestamp="18 Apr 2022 10:27:50 GMT" time="43.072" errors="0">
  <testcase name="SaveRevWithoutUnameAndVerifyUserName" time="43.072" classname="CreateReview_Testcase.Fill_TC02_03_04_05_CheckWithoutUserNameAndVerifyErrMsg"/>
</testsuite> <!-- CreateReview_Testcase.Fill_TC02_03_04_05_CheckWithoutUserNameAndVerifyErrMsg -->
