<?xml version="1.0" encoding="UTF-8"?>
<!-- Generated by org.testng.reporters.JUnitReportReporter -->
<testsuite hostname="LAPTOP-57SNEDNO" name="CreateReview.Testcase.CreateTest" tests="1" failures="0" timestamp="8 Apr 2022 10:33:15 GMT" time="9.740" errors="0">
  <testcase name="CreateAReview" time="9.740" classname="CreateReview.Testcase.CreateTest"/>
</testsuite> <!-- CreateReview.Testcase.CreateTest -->
