<?xml version="1.0" encoding="UTF-8"?>
<!-- Generated by org.testng.reporters.JUnitReportReporter -->
<testsuite hostname="LAPTOP-57SNEDNO" name="CreateReview_Testcase.CreateReviewTest" tests="1" failures="0" timestamp="22 Apr 2022 06:40:52 GMT" time="42.599" errors="0">
  <testcase name="CreateAReview" time="42.599" classname="CreateReview_Testcase.CreateReviewTest"/>
</testsuite> <!-- CreateReview_Testcase.CreateReviewTest -->
